==3093== Memcheck, a memory error detector
==3093== Copyright (C) 2002-2013, and GNU GPL'd, by Julian Seward et al.
==3093== Using Valgrind-3.10.0.SVN and LibVEX; rerun with -h for copyright info
==3093== Command: ./Tester 6
==3093== 
Hello!
Bye!
==3093== 
==3093== HEAP SUMMARY:
==3093==     in use at exit: 94,577 bytes in 554 blocks
==3093==   total heap usage: 131,431 allocs, 130,877 frees, 114,772,056 bytes allocated
==3093== 
==3093== 14 bytes in 2 blocks are definitely lost in loss record 7 of 139
==3093==    at 0x4C2AB80: malloc (in /usr/lib/valgrind/vgpreload_memcheck-amd64-linux.so)
==3093==    by 0x5904839: strdup (strdup.c:42)
==3093==    by 0x68EDE56: ??? (in /usr/lib/x86_64-linux-gnu/libX11.so.6.3.0)
==3093==    by 0x68EEC64: _XimSetICValueData (in /usr/lib/x86_64-linux-gnu/libX11.so.6.3.0)
==3093==    by 0x68EA259: _XimLocalCreateIC (in /usr/lib/x86_64-linux-gnu/libX11.so.6.3.0)
==3093==    by 0x68D0884: XCreateIC (in /usr/lib/x86_64-linux-gnu/libX11.so.6.3.0)
==3093==    by 0x4EF0D62: ??? (in /usr/lib/x86_64-linux-gnu/libSDL2-2.0.so.0.2.0)
==3093==    by 0x4EF1187: ??? (in /usr/lib/x86_64-linux-gnu/libSDL2-2.0.so.0.2.0)
==3093==    by 0x4EE467F: ??? (in /usr/lib/x86_64-linux-gnu/libSDL2-2.0.so.0.2.0)
==3093==    by 0x4EE448F: ??? (in /usr/lib/x86_64-linux-gnu/libSDL2-2.0.so.0.2.0)
==3093==    by 0x4E4F4FE: ??? (in /usr/lib/x86_64-linux-gnu/libSDL2-2.0.so.0.2.0)
==3093==    by 0x4010A1: Tester::Init() (Tester.cpp:30)
==3093== 
==3093== 14 bytes in 2 blocks are definitely lost in loss record 8 of 139
==3093==    at 0x4C2AB80: malloc (in /usr/lib/valgrind/vgpreload_memcheck-amd64-linux.so)
==3093==    by 0x5904839: strdup (strdup.c:42)
==3093==    by 0x68EDE56: ??? (in /usr/lib/x86_64-linux-gnu/libX11.so.6.3.0)
==3093==    by 0x68EEC64: _XimSetICValueData (in /usr/lib/x86_64-linux-gnu/libX11.so.6.3.0)
==3093==    by 0x68EA259: _XimLocalCreateIC (in /usr/lib/x86_64-linux-gnu/libX11.so.6.3.0)
==3093==    by 0x68D0884: XCreateIC (in /usr/lib/x86_64-linux-gnu/libX11.so.6.3.0)
==3093==    by 0x4EF0D62: ??? (in /usr/lib/x86_64-linux-gnu/libSDL2-2.0.so.0.2.0)
==3093==    by 0x4EF1187: ??? (in /usr/lib/x86_64-linux-gnu/libSDL2-2.0.so.0.2.0)
==3093==    by 0x4EE467F: ??? (in /usr/lib/x86_64-linux-gnu/libSDL2-2.0.so.0.2.0)
==3093==    by 0x40112E: Tester::Window(char const*, int, int) (Tester.cpp:37)
==3093==    by 0x400EC1: main (Tester.cpp:95)
==3093== 
==3093== 14 bytes in 2 blocks are definitely lost in loss record 9 of 139
==3093==    at 0x4C2AB80: malloc (in /usr/lib/valgrind/vgpreload_memcheck-amd64-linux.so)
==3093==    by 0x5904839: strdup (strdup.c:42)
==3093==    by 0x68EDE56: ??? (in /usr/lib/x86_64-linux-gnu/libX11.so.6.3.0)
==3093==    by 0x68EEC64: _XimSetICValueData (in /usr/lib/x86_64-linux-gnu/libX11.so.6.3.0)
==3093==    by 0x68EA259: _XimLocalCreateIC (in /usr/lib/x86_64-linux-gnu/libX11.so.6.3.0)
==3093==    by 0x68D0884: XCreateIC (in /usr/lib/x86_64-linux-gnu/libX11.so.6.3.0)
==3093==    by 0x4EF0D62: ??? (in /usr/lib/x86_64-linux-gnu/libSDL2-2.0.so.0.2.0)
==3093==    by 0x4EF1187: ??? (in /usr/lib/x86_64-linux-gnu/libSDL2-2.0.so.0.2.0)
==3093==    by 0x4EE2ED4: ??? (in /usr/lib/x86_64-linux-gnu/libSDL2-2.0.so.0.2.0)
==3093==    by 0x4E90A43: ??? (in /usr/lib/x86_64-linux-gnu/libSDL2-2.0.so.0.2.0)
==3093==    by 0x4E8A4BF: ??? (in /usr/lib/x86_64-linux-gnu/libSDL2-2.0.so.0.2.0)
==3093==    by 0x4011AC: Tester::Renderer() (Tester.cpp:44)
==3093== 
==3093== 66 bytes in 2 blocks are definitely lost in loss record 86 of 139
==3093==    at 0x4C2AB80: malloc (in /usr/lib/valgrind/vgpreload_memcheck-amd64-linux.so)
==3093==    by 0x68AB4A0: XGetWindowProperty (in /usr/lib/x86_64-linux-gnu/libX11.so.6.3.0)
==3093==    by 0x4EE9234: ??? (in /usr/lib/x86_64-linux-gnu/libSDL2-2.0.so.0.2.0)
==3093==    by 0x4EE9A27: ??? (in /usr/lib/x86_64-linux-gnu/libSDL2-2.0.so.0.2.0)
==3093==    by 0x4E7E556: ??? (in /usr/lib/x86_64-linux-gnu/libSDL2-2.0.so.0.2.0)
==3093==    by 0x4E7E5B3: ??? (in /usr/lib/x86_64-linux-gnu/libSDL2-2.0.so.0.2.0)
==3093==    by 0x401337: Tester::Update() (Tester.cpp:68)
==3093==    by 0x400F57: main (Tester.cpp:109)
==3093== 
==3093== 104 bytes in 1 blocks are definitely lost in loss record 92 of 139
==3093==    at 0x4C2AB80: malloc (in /usr/lib/valgrind/vgpreload_memcheck-amd64-linux.so)
==3093==    by 0xCB26B41: ??? (in /usr/lib/x86_64-linux-gnu/mesa/libGL.so.1.2.0)
==3093==    by 0xCAFF69C: ??? (in /usr/lib/x86_64-linux-gnu/mesa/libGL.so.1.2.0)
==3093==    by 0xCAFBF3A: ??? (in /usr/lib/x86_64-linux-gnu/mesa/libGL.so.1.2.0)
==3093==    by 0xCAFC6CF: glXChooseVisual (in /usr/lib/x86_64-linux-gnu/mesa/libGL.so.1.2.0)
==3093==    by 0x4EEDD9E: ??? (in /usr/lib/x86_64-linux-gnu/libSDL2-2.0.so.0.2.0)
==3093==    by 0x4EEDFD0: ??? (in /usr/lib/x86_64-linux-gnu/libSDL2-2.0.so.0.2.0)
==3093==    by 0x4EE2BE5: ??? (in /usr/lib/x86_64-linux-gnu/libSDL2-2.0.so.0.2.0)
==3093==    by 0x4EE477B: ??? (in /usr/lib/x86_64-linux-gnu/libSDL2-2.0.so.0.2.0)
==3093==    by 0x4EE448F: ??? (in /usr/lib/x86_64-linux-gnu/libSDL2-2.0.so.0.2.0)
==3093==    by 0x4E4F4FE: ??? (in /usr/lib/x86_64-linux-gnu/libSDL2-2.0.so.0.2.0)
==3093==    by 0x4010A1: Tester::Init() (Tester.cpp:30)
==3093== 
==3093== LEAK SUMMARY:
==3093==    definitely lost: 212 bytes in 9 blocks
==3093==    indirectly lost: 0 bytes in 0 blocks
==3093==      possibly lost: 0 bytes in 0 blocks
==3093==    still reachable: 94,365 bytes in 545 blocks
==3093==         suppressed: 0 bytes in 0 blocks
==3093== Reachable blocks (those to which a pointer was found) are not shown.
==3093== To see them, rerun with: --leak-check=full --show-leak-kinds=all
==3093== 
==3093== For counts of detected and suppressed errors, rerun with: -v
==3093== ERROR SUMMARY: 5 errors from 5 contexts (suppressed: 6 from 1)
